\BOOKMARK [0][]{chapter.1}{\376\377\0001\000\040\122\051\140\157\136\246\221\317}{}% 1
\BOOKMARK [1][]{section.1.1}{\376\377\0001\000.\0001\000\040\175\057\171\357\121\375\145\160}{chapter.1}% 2
\BOOKMARK [1][]{section.1.2}{\376\377\0001\000.\0002\000\040\215\064\163\260}{chapter.1}% 3
\BOOKMARK [0][]{chapter.2}{\376\377\0002\000\040\173\111\230\235\136\164\221\321}{}% 4
\BOOKMARK [1][]{section.2.1}{\376\377\0002\000.\0001\000\040\173\046\123\367\116\000\211\310}{chapter.2}% 5
\BOOKMARK [1][]{section.2.2}{\376\377\0002\000.\0002\000\040\173\111\230\235\136\164\221\321}{chapter.2}% 6
\BOOKMARK [1][]{section.2.3}{\376\377\0002\000.\0003\000\040\154\070\176\355\136\164\221\321\000\050\000P\000e\000r\000p\000e\000t\000u\000i\000t\000y\000\051}{chapter.2}% 7
\BOOKMARK [0][]{chapter.3}{\376\377\0003\000\040\123\330\230\235\136\164\221\321}{}% 8
\BOOKMARK [1][]{section.3.1}{\376\377\0003\000.\0001\000\040\173\046\123\367\116\000\211\310}{chapter.3}% 9
\BOOKMARK [1][]{section.3.2}{\376\377\0003\000.\0002\000\040\123\330\230\235\136\164\221\321}{chapter.3}% 10
\BOOKMARK [1][]{section.3.3}{\376\377\0003\000.\0003\000\040\131\015\220\022\130\236\136\164\221\321}{chapter.3}% 11
\BOOKMARK [1][]{section.3.4}{\376\377\0003\000.\0004\000\040\153\317\136\164\145\057\116\330\000m\000\040\153\041\166\204\220\022\130\236\136\164\221\321}{chapter.3}% 12
\BOOKMARK [0][]{chapter.4}{\376\377\0004\000\040\145\066\166\312\163\207}{}% 13
\BOOKMARK [1][]{section.4.1}{\376\377\0004\000.\0001\000\040\145\066\166\312\163\207}{chapter.4}% 14
\BOOKMARK [1][]{section.4.2}{\376\377\0004\000.\0002\000\040\127\372\221\321\166\204\122\051\140\157\136\246\221\317}{chapter.4}% 15
\BOOKMARK [1][]{section.4.3}{\376\377\0004\000.\0003\000\040\121\215\142\225\215\104}{chapter.4}% 16
\BOOKMARK [1][]{section.4.4}{\376\377\0004\000.\0004\000\040\127\372\221\321}{chapter.4}% 17
\BOOKMARK [0][]{chapter.5}{\376\377\0005\000\040\120\072\122\241\120\177\217\330\145\271\154\325}{}% 18
\BOOKMARK [1][]{section.5.1}{\376\377\0005\000.\0001\000\040\122\006\147\037\120\177\217\330\154\325}{chapter.5}% 19
\BOOKMARK [1][]{section.5.2}{\376\377\0005\000.\0002\000\040\173\111\230\235\120\177\120\072\127\372\221\321}{chapter.5}% 20
\BOOKMARK [0][]{chapter.6}{\376\377\0006\000\040\120\072\122\241\116\367\120\074\122\006\147\220}{}% 21
\BOOKMARK [1][]{section.6.1}{\376\377\0006\000.\0001\000\040\173\046\123\367\116\000\211\310}{chapter.6}% 22
\BOOKMARK [0][]{chapter.7}{\376\377\0007\000\040\122\051\163\207\230\316\226\151}{}% 23
\BOOKMARK [1][]{section.7.1}{\376\377\0007\000.\0001\000\040\000M\000a\000c\000a\000u\000l\000a\000y\000\040\000d\000u\000r\000a\000t\000i\000o\000n}{chapter.7}% 24
\BOOKMARK [1][]{section.7.2}{\376\377\0007\000.\0002\000\040\121\370\136\246}{chapter.7}% 25
\BOOKMARK [1][]{section.7.3}{\376\377\0007\000.\0003\000\040\134\017\176\323}{chapter.7}% 26
